<?xml version="1.0" encoding="UTF-8"?>
<!-- Generated by org.testng.reporters.JUnitReportReporter -->
<testsuite hostname="LAPTOP-RKC38D4R" failures="0" tests="1" name="testNG.Demo" time="0.007" errors="0" timestamp="2023-05-23T16:55:12 IST" skipped="0">
  <testcase classname="testNG.Demo" name="demoMethod" time="0.007"/>
  <system-out>
    <![CDATA[HI Demo!!!]]>
  </system-out>
</testsuite> <!-- testNG.Demo -->
