<?xml version="1.0" encoding="UTF-8"?>
<!-- Generated by org.testng.reporters.JUnitReportReporter -->
<testsuite hostname="LAPTOP-RKC38D4R" failures="0" tests="6" name="testNGFlags.Flag7" time="0.033" errors="0" timestamp="2023-06-04T11:44:12 IST" skipped="0">
  <testcase classname="testNGFlags.Flag7" name="it4" time="0.003"/>
  <system-out>
    <![CDATA[ITC4]]>
  </system-out>
  <testcase classname="testNGFlags.Flag7" name="it6" time="0.004"/>
  <system-out>
    <![CDATA[ITC6]]>
  </system-out>
  <testcase classname="testNGFlags.Flag7" name="it2" time="0.009"/>
  <system-out>
    <![CDATA[ITC2]]>
  </system-out>
  <testcase classname="testNGFlags.Flag7" name="it3" time="0.003"/>
  <system-out>
    <![CDATA[ITC3]]>
  </system-out>
  <testcase classname="testNGFlags.Flag7" name="it1" time="0.010"/>
  <system-out>
    <![CDATA[ITC1]]>
  </system-out>
  <testcase classname="testNGFlags.Flag7" name="it5" time="0.004"/>
  <system-out>
    <![CDATA[ITC5]]>
  </system-out>
</testsuite> <!-- testNGFlags.Flag7 -->
