<?xml version="1.0" encoding="UTF-8"?>
<!-- Generated by org.testng.reporters.JUnitReportReporter -->
<testsuite hostname="LAPTOP-RKC38D4R" failures="0" tests="3" name="testNG.DemoTest3" time="0.018" errors="0" timestamp="2023-05-23T17:02:59 IST" skipped="0">
  <testcase classname="testNG.DemoTest3" name="i" time="0.002"/>
  <system-out>
    <![CDATA[i method from DemoTest3.....]]>
  </system-out>
  <testcase classname="testNG.DemoTest3" name="g" time="0.014"/>
  <system-out>
    <![CDATA[g method from DemoTest3.....]]>
  </system-out>
  <testcase classname="testNG.DemoTest3" name="h" time="0.002"/>
  <system-out>
    <![CDATA[h method from DemoTest3.....]]>
  </system-out>
</testsuite> <!-- testNG.DemoTest3 -->
