<?xml version="1.0" encoding="UTF-8"?>
<!-- Generated by org.testng.reporters.JUnitReportReporter -->
<testsuite hostname="LAPTOP-RKC38D4R" failures="0" tests="1" name="testNG.Remo" time="0.001" errors="0" timestamp="2023-05-23T16:55:12 IST" skipped="0">
  <testcase classname="testNG.Remo" name="remoMethod" time="0.001"/>
  <system-out>
    <![CDATA[Hi Remo!!]]>
  </system-out>
</testsuite> <!-- testNG.Remo -->
