<?xml version="1.0" encoding="UTF-8"?>
<!-- Generated by org.testng.reporters.JUnitReportReporter -->
<testsuite hostname="LAPTOP-RKC38D4R" failures="0" tests="1" name="testNG.Test2" time="25.584" errors="0" timestamp="2023-05-24T10:00:43 IST" skipped="0">
  <testcase classname="testNG.Test2" name="f" time="25.584"/>
  <system-out/>
</testsuite> <!-- testNG.Test2 -->
