<?xml version="1.0" encoding="UTF-8"?>
<!-- Generated by org.testng.reporters.JUnitReportReporter -->
<testsuite hostname="LAPTOP-RKC38D4R" failures="0" tests="1" name="testNG.Sumo" time="0.014" errors="0" timestamp="2023-05-23T16:55:12 IST" skipped="0">
  <testcase classname="testNG.Sumo" name="sumoMethod" time="0.014"/>
  <system-out>
    <![CDATA[Hi Sumo!!!]]>
  </system-out>
</testsuite> <!-- testNG.Sumo -->
