<?xml version="1.0" encoding="UTF-8"?>
<!-- Generated by org.testng.reporters.JUnitReportReporter -->
<testsuite hostname="LAPTOP-RKC38D4R" failures="0" tests="2" name="testNG.MethodExecution" time="0.015" errors="0" timestamp="2023-06-04T09:07:34 IST" skipped="0">
  <testcase classname="testNG.MethodExecution" name="method1" time="0.013"/>
  <system-out>
    <![CDATA[1: is the ID of Method
Method1]]>
  </system-out>
  <testcase classname="testNG.MethodExecution" name="method2" time="0.002"/>
  <system-out>
    <![CDATA[1: is the ID of Method
Method2]]>
  </system-out>
</testsuite> <!-- testNG.MethodExecution -->
