<?xml version="1.0" encoding="UTF-8"?>
<!-- Generated by org.testng.reporters.JUnitReportReporter -->
<testsuite hostname="LAPTOP-RKC38D4R" failures="0" tests="3" name="testNG.DemoTest1" time="0.007" errors="0" timestamp="2023-05-23T17:02:58 IST" skipped="0">
  <testcase classname="testNG.DemoTest1" name="c" time="0.001"/>
  <system-out>
    <![CDATA[c method from DemoTest1.....]]>
  </system-out>
  <testcase classname="testNG.DemoTest1" name="a" time="0.004"/>
  <system-out>
    <![CDATA[a method from DemoTest1.....]]>
  </system-out>
  <testcase classname="testNG.DemoTest1" name="b" time="0.002"/>
  <system-out>
    <![CDATA[b method from DemoTest1.....]]>
  </system-out>
</testsuite> <!-- testNG.DemoTest1 -->
