<?xml version="1.0" encoding="UTF-8"?>
<!-- Generated by org.testng.reporters.JUnitReportReporter -->
<testsuite hostname="LAPTOP-RKC38D4R" failures="0" tests="2" name="testNGAnnotations.Annotations" time="0.029" errors="0" timestamp="2023-06-04T09:15:32 IST" skipped="0">
  <testcase classname="testNGAnnotations.Annotations" name="testMethod" time="0.010"/>
  <system-out>
    <![CDATA[Test Annotation2]]>
  </system-out>
  <testcase classname="testNGAnnotations.Annotations" name="f" time="0.019"/>
  <system-out>
    <![CDATA[Test Annotation]]>
  </system-out>
</testsuite> <!-- testNGAnnotations.Annotations -->
