<?xml version="1.0" encoding="UTF-8"?>
<!-- Generated by org.testng.reporters.JUnitReportReporter -->
<testsuite hostname="LAPTOP-RKC38D4R" failures="0" tests="2" name="testNGExecution.SelectBrowser" time="14.239" errors="0" timestamp="2023-06-04T11:10:34 IST" skipped="0">
  <testcase classname="testNGExecution.SelectBrowser" name="method1" time="6.585"/>
  <system-out/>
  <testcase classname="testNGExecution.SelectBrowser" name="method1" time="7.654"/>
  <system-out/>
</testsuite> <!-- testNGExecution.SelectBrowser -->
