<?xml version="1.0" encoding="UTF-8"?>
<!-- Generated by org.testng.reporters.JUnitReportReporter -->
<testsuite hostname="LAPTOP-RKC38D4R" failures="0" tests="3" name="testNG.DemoTest2" time="0.022" errors="0" timestamp="2023-05-23T17:11:47 IST" skipped="0">
  <testcase classname="testNG.DemoTest2" name="e" time="0.005"/>
  <system-out>
    <![CDATA[e method from DemoTest2.....]]>
  </system-out>
  <testcase classname="testNG.DemoTest2" name="f" time="0.003"/>
  <system-out>
    <![CDATA[f method from DemoTest2.....]]>
  </system-out>
  <testcase classname="testNG.DemoTest2" name="d" time="0.014"/>
  <system-out>
    <![CDATA[d method from DemoTest2.....]]>
  </system-out>
</testsuite> <!-- testNG.DemoTest2 -->
