<?xml version="1.0" encoding="UTF-8"?>
<!-- Generated by org.testng.reporters.JUnitReportReporter -->
<testsuite hostname="LAPTOP-RKC38D4R" failures="0" tests="3" name="testNGAnnotations.GoogleSearchTestCase" time="104.555" errors="0" timestamp="2023-05-23T17:42:10 IST" skipped="0">
  <testcase classname="testNGAnnotations.GoogleSearchTestCase" name="search1" time="36.227"/>
  <system-out/>
  <testcase classname="testNGAnnotations.GoogleSearchTestCase" name="search3" time="32.452"/>
  <system-out/>
  <testcase classname="testNGAnnotations.GoogleSearchTestCase" name="search2" time="35.876"/>
  <system-out/>
</testsuite> <!-- testNGAnnotations.GoogleSearchTestCase -->
